1667939362270	geckodriver	INFO	Listening on 127.0.0.1:53265
1667939365303	mozrunner::runner	INFO	Running command: "C:\\Program Files\\Mozilla Firefox\\firefox.exe" "--marionette" "--remote-debugging-port" "53266" "--remote-allow-hosts" "localhost" "-no-remote" "-profile" "C:\\Users\\mario\\AppData\\Local\\Temp\\rust_mozprofileaRmQsM"
1667939366188	Marionette	INFO	Marionette enabled
1667939366196	Marionette	INFO	Listening on port 53277
Read port: 53277
WebDriver BiDi listening on ws://127.0.0.1:53266
1667939366419	RemoteAgent	WARN	TLS certificate errors will be ignored for this session
console.warn: SearchSettings: "get: No settings file exists, new profile?" (new NotFoundError("Could not open the file at C:\\Users\\mario\\AppData\\Local\\Temp\\rust_mozprofileaRmQsM\\search.json.mozlz4", (void 0)))
DevTools listening on ws://127.0.0.1:53266/devtools/browser/ef322b92-ba5e-40a3-b17f-5e95a12025e6
JavaScript error: resource://gre/modules/URIFixup.jsm, line 307: NS_ERROR_FAILURE: Should pass a non-null uri
1667940271870	Marionette	INFO	Stopped listening on port 53277
console.warn: TopSitesFeed: Failed to fetch data from Contile server: NetworkError when attempting to fetch resource.
[Parent 10764, IPC I/O Parent] WARNING: DuplicateHandle failed for handle 0 in TransferHandles: file /builds/worker/checkouts/gecko/ipc/chromium/src/chrome/common/ipc_channel_win.cc:723
1667940305646	geckodriver	INFO	Listening on 127.0.0.1:65464
1667940308667	mozrunner::runner	INFO	Running command: "C:\\Program Files\\Mozilla Firefox\\firefox.exe" "--marionette" "--remote-debugging-port" "65465" "--remote-allow-hosts" "localhost" "-no-remote" "-profile" "C:\\Users\\mario\\AppData\\Local\\Temp\\rust_mozprofilewmOBdc"
1667940309421	Marionette	INFO	Marionette enabled
1667940309435	Marionette	INFO	Listening on port 61717
Read port: 61717
WebDriver BiDi listening on ws://127.0.0.1:65465
1667940309722	RemoteAgent	WARN	TLS certificate errors will be ignored for this session
console.warn: SearchSettings: "get: No settings file exists, new profile?" (new NotFoundError("Could not open the file at C:\\Users\\mario\\AppData\\Local\\Temp\\rust_mozprofilewmOBdc\\search.json.mozlz4", (void 0)))
DevTools listening on ws://127.0.0.1:65465/devtools/browser/837cd492-e990-4a56-bf39-84d1c3add7a5
JavaScript error: resource://gre/modules/URIFixup.jsm, line 307: NS_ERROR_FAILURE: Should pass a non-null uri
1667940867305	Marionette	INFO	Stopped listening on port 61717
console.warn: TopSitesFeed: Failed to fetch data from Contile server: NetworkError when attempting to fetch resource.
[GFX1-]: Receive IPC close with reason=AbnormalShutdown
1667940950660	geckodriver	INFO	Listening on 127.0.0.1:49505
1667940953750	mozrunner::runner	INFO	Running command: "C:\\Program Files\\Mozilla Firefox\\firefox.exe" "--marionette" "--remote-debugging-port" "49506" "--remote-allow-hosts" "localhost" "-no-remote" "-profile" "C:\\Users\\mario\\AppData\\Local\\Temp\\rust_mozprofileg1lK1i"
1667940955742	Marionette	INFO	Marionette enabled
1667940955778	Marionette	INFO	Listening on port 49558
Read port: 49558
WebDriver BiDi listening on ws://127.0.0.1:49506
1667940956340	RemoteAgent	WARN	TLS certificate errors will be ignored for this session
console.warn: SearchSettings: "get: No settings file exists, new profile?" (new NotFoundError("Could not open the file at C:\\Users\\mario\\AppData\\Local\\Temp\\rust_mozprofileg1lK1i\\search.json.mozlz4", (void 0)))
DevTools listening on ws://127.0.0.1:49506/devtools/browser/42705fce-42ee-43fe-a64e-a737f90c3ab3
JavaScript warning: https://www.latamairlines.com/YRZY4oR6YOHG_Kwzh4Ez/E3XuX6QXpOh9/Xmlu/am/N2aEBICDkB, line 1: unreachable code after return statement
JavaScript warning: https://www.latamairlines.com/YRZY4oR6YOHG_Kwzh4Ez/E3XuX6QXpOh9/Xmlu/am/N2aEBICDkB, line 1: WEBGL_debug_renderer_info is deprecated in Firefox and will be removed. Please use RENDERER.
JavaScript warning: https://www.latamairlines.com/YRZY4oR6YOHG_Kwzh4Ez/E3XuX6QXpOh9/Xmlu/am/N2aEBICDkB, line 1: WEBGL_debug_renderer_info is deprecated in Firefox and will be removed. Please use RENDERER.
JavaScript warning: https://www.gfl85trk.com/scripts/sdk/everflow.js, line 1: WEBGL_debug_renderer_info is deprecated in Firefox and will be removed. Please use RENDERER.
JavaScript warning: https://www.gfl85trk.com/scripts/sdk/everflow.js, line 1: WEBGL_debug_renderer_info is deprecated in Firefox and will be removed. Please use RENDERER.
JavaScript warning: https://www.latamairlines.com/YRZY4oR6YOHG_Kwzh4Ez/E3XuX6QXpOh9/Xmlu/am/N2aEBICDkB, line 1: unreachable code after return statement
JavaScript warning: https://www.latamairlines.com/YRZY4oR6YOHG_Kwzh4Ez/E3XuX6QXpOh9/Xmlu/am/N2aEBICDkB, line 1: WEBGL_debug_renderer_info is deprecated in Firefox and will be removed. Please use RENDERER.
JavaScript warning: https://www.latamairlines.com/YRZY4oR6YOHG_Kwzh4Ez/E3XuX6QXpOh9/Xmlu/am/N2aEBICDkB, line 1: WEBGL_debug_renderer_info is deprecated in Firefox and will be removed. Please use RENDERER.
JavaScript warning: https://www.gfl85trk.com/scripts/sdk/everflow.js, line 1: WEBGL_debug_renderer_info is deprecated in Firefox and will be removed. Please use RENDERER.
JavaScript warning: https://www.gfl85trk.com/scripts/sdk/everflow.js, line 1: WEBGL_debug_renderer_info is deprecated in Firefox and will be removed. Please use RENDERER.
JavaScript warning: https://www.latamairlines.com/YRZY4oR6YOHG_Kwzh4Ez/E3XuX6QXpOh9/Xmlu/am/N2aEBICDkB, line 1: unreachable code after return statement
JavaScript warning: https://www.latamairlines.com/YRZY4oR6YOHG_Kwzh4Ez/E3XuX6QXpOh9/Xmlu/am/N2aEBICDkB, line 1: WEBGL_debug_renderer_info is deprecated in Firefox and will be removed. Please use RENDERER.
JavaScript warning: https://www.latamairlines.com/YRZY4oR6YOHG_Kwzh4Ez/E3XuX6QXpOh9/Xmlu/am/N2aEBICDkB, line 1: WEBGL_debug_renderer_info is deprecated in Firefox and will be removed. Please use RENDERER.
JavaScript warning: https://www.gfl85trk.com/scripts/sdk/everflow.js, line 1: WEBGL_debug_renderer_info is deprecated in Firefox and will be removed. Please use RENDERER.
JavaScript warning: https://www.gfl85trk.com/scripts/sdk/everflow.js, line 1: WEBGL_debug_renderer_info is deprecated in Firefox and will be removed. Please use RENDERER.
1667942422785	Marionette	INFO	Stopped listening on port 49558
console.warn: TopSitesFeed: Failed to fetch data from Contile server: NetworkError when attempting to fetch resource.
incognito" "--remote-debugging-port" "55815" "--remote-allow-hosts" "localhost" "-no-remote" "-profile" "C:\\Users\\mario\\AppData\\Local\\Temp\\rust_mozprofilewZwOTY"
1667941958996	Marionette	INFO	Marionette enabled
1667941959005	Marionette	INFO	Listening on port 55862
Read port: 55862
WebDriver BiDi listening on ws://127.0.0.1:55815
1667941959313	RemoteAgent	WARN	TLS certificate errors will be ignored for this session
console.warn: SearchSettings: "get: No settings file exists, new profile?" (new NotFoundError("Could not open the file at C:\\Users\\mario\\AppData\\Local\\Temp\\rust_mozprofilewZwOTY\\search.json.mozlz4", (void 0)))
DevTools listening on ws://127.0.0.1:55815/devtools/browser/e0f10ba3-707c-4710-8e85-74b217cf829b
JavaScript warning: https://www.latamairlines.com/YRZY4oR6YOHG_Kwzh4Ez/E3XuX6QXpOh9/Xmlu/am/N2aEBICDkB, line 1: unreachable code after return statement
JavaScript warning: https://www.latamairlines.com/YRZY4oR6YOHG_Kwzh4Ez/E3XuX6QXpOh9/Xmlu/am/N2aEBICDkB, line 1: WEBGL_debug_renderer_info is deprecated in Firefox and will be removed. Please use RENDERER.
JavaScript warning: https://www.latamairlines.com/YRZY4oR6YOHG_Kwzh4Ez/E3XuX6QXpOh9/Xmlu/am/N2aEBICDkB, line 1: WEBGL_debug_renderer_info is deprecated in Firefox and will be removed. Please use RENDERER.
WARNING: At least one completion condition is taking too long to complete. Conditions: [{"name":"SessionStore: flushing all windows","state":{"total":1,"current":0},"filename":"resource:///modules/sessionstore/SessionStore.jsm","lineNumber":2196,"stack":["resource:///modules/sessionstore/SessionStore.jsm:ssi_onQuitApplicationGranted:2196","resource:///modules/sessionstore/SessionStore.jsm:ssi_observe:1106"]}] Barrier: quit-application-granted
JavaScript error: resource:///modules/sessionstore/SessionStore.jsm, line 2208: TypeError: subject.QueryInterface is not a function
A content process crashed and MOZ_CRASHREPORTER_SHUTDOWN is set, shutting down
1667942437301	Marionette	INFO	Stopped listening on port 55862
ers\\mario\\AppData\\Local\\Temp\\rust_mozprofileI5fFeA\\search.json.mozlz4", (void 0)))
DevTools listening on ws://127.0.0.1:57116/devtools/browser/ad7030c2-3c0d-4f12-8528-05edc78158ff
JavaScript error: resource://gre/modules/URIFixup.jsm, line 307: NS_ERROR_FAILURE: Should pass a non-null uri
1667954898033	Marionette	INFO	Stopped listening on port 57133
console.warn: TopSitesFeed: Failed to fetch data from Contile server: NetworkError when attempting to fetch resource.
[Parent 22184, IPC I/O Parent] WARNING: file /builds/worker/checkouts/gecko/ipc/chromium/src/base/process_util_win.cc:167
Data\\Local\\Temp\\rust_mozprofilejNC8UT"
1667942295166	Marionette	INFO	Marionette enabled
1667942295175	Marionette	INFO	Listening on port 57555
Read port: 57555
WebDriver BiDi listening on ws://127.0.0.1:57538
1667942295578	RemoteAgent	WARN	TLS certificate errors will be ignored for this session
console.warn: SearchSettings: "get: No settings file exists, new profile?" (new NotFoundError("Could not open the file at C:\\Users\\mario\\AppData\\Local\\Temp\\rust_mozprofilejNC8UT\\search.json.mozlz4", (void 0)))
JavaScript error: resource://gre/modules/XULStore.jsm, line 58: Error: Can't find profile directory.
JavaScript error: resource://gre/modules/XULStore.jsm, line 58: Error: Can't find profile directory.
DevTools listening on ws://127.0.0.1:57538/devtools/browser/ad0fcd94-2d1a-4801-961a-915dec5b274c
1667942367021	Marionette	INFO	Stopped listening on port 57555
console.warn: TopSitesFeed: Failed to fetch data from Contile server: NetworkError when attempting to fetch resource.
console.log: "RemoteSettingsWorker error: Error: Can't import when we've started shutting down."
1667942446598	geckodriver	INFO	Listening on 127.0.0.1:58936
1667942449764	mozrunner::runner	INFO	Running command: "C:\\Program Files\\Mozilla Firefox\\firefox.exe" "--marionette" "-private" "--remote-debugging-port" "58937" "--remote-allow-hosts" "localhost" "-no-remote" "-profile" "C:\\Users\\mario\\AppData\\Local\\Temp\\rust_mozprofileTgRVd2"
1667942450466	Marionette	INFO	Marionette enabled
1667942450474	Marionette	INFO	Listening on port 58955
Read port: 58955
WebDriver BiDi listening on ws://127.0.0.1:58937
1667942450802	RemoteAgent	WARN	TLS certificate errors will be ignored for this session
console.warn: SearchSettings: "get: No settings file exists, new profile?" (new NotFoundError("Could not open the file at C:\\Users\\mario\\AppData\\Local\\Temp\\rust_mozprofileTgRVd2\\search.json.mozlz4", (void 0)))
JavaScript error: resource://gre/modules/XULStore.jsm, line 58: Error: Can't find profile directory.
JavaScript error: resource://gre/modules/XULStore.jsm, line 58: Error: Can't find profile directory.
DevTools listening on ws://127.0.0.1:58937/devtools/browser/b443e306-c228-4a2f-957f-ba25c0022192
JavaScript warning: https://www.latamairlines.com/YRZY4oR6YOHG_Kwzh4Ez/E3XuX6QXpOh9/Xmlu/am/N2aEBICDkB, line 1: unreachable code after return statement
JavaScript warning: https://www.latamairlines.com/YRZY4oR6YOHG_Kwzh4Ez/E3XuX6QXpOh9/Xmlu/am/N2aEBICDkB, line 1: WEBGL_debug_renderer_info is deprecated in Firefox and will be removed. Please use RENDERER.
JavaScript warning: https://www.latamairlines.com/YRZY4oR6YOHG_Kwzh4Ez/E3XuX6QXpOh9/Xmlu/am/N2aEBICDkB, line 1: WEBGL_debug_renderer_info is deprecated in Firefox and will be removed. Please use RENDERER.
JavaScript warning: https://www.gfl85trk.com/scripts/sdk/everflow.js, line 1: WEBGL_debug_renderer_info is deprecated in Firefox and will be removed. Please use RENDERER.
JavaScript warning: https://www.gfl85trk.com/scripts/sdk/everflow.js, line 1: WEBGL_debug_renderer_info is deprecated in Firefox and will be removed. Please use RENDERER.
JavaScript error: , line 0: InvalidStateError: A mutation operation was attempted on a database that did not allow mutations.
JavaScript error: resource:///actors/LightweightThemeChild.jsm, line 38: TypeError: this.browsingContext.topChromeWindow is null
JavaScript error: resource:///actors/LightweightThemeChild.jsm, line 38: TypeError: this.browsingContext.topChromeWindow is null
JavaScript error: resource:///actors/LightweightThemeChild.jsm, line 38: TypeError: this.browsingContext.topChromeWindow is null
1667954825591	Marionette	INFO	Stopped listening on port 58955
1668024054125	geckodriver	INFO	Listening on 127.0.0.1:53736
1668024057307	mozrunner::runner	INFO	Running command: "C:\\Program Files\\Mozilla Firefox\\firefox.exe" "--marionette" "-private" "--remote-debugging-port" "53737" "--remote-allow-hosts" "localhost" "-no-remote" "-profile" "C:\\Users\\mario\\AppData\\Local\\Temp\\rust_mozprofileYExIIO"
1668024058344	Marionette	INFO	Marionette enabled
1668024058352	Marionette	INFO	Listening on port 53756
Read port: 53756
WebDriver BiDi listening on ws://127.0.0.1:53737
1668024058550	RemoteAgent	WARN	TLS certificate errors will be ignored for this session
console.warn: SearchSettings: "get: No settings file exists, new profile?" (new NotFoundError("Could not open the file at C:\\Users\\mario\\AppData\\Local\\Temp\\rust_mozprofileYExIIO\\search.json.mozlz4", (void 0)))
JavaScript error: resource://gre/modules/XULStore.jsm, line 58: Error: Can't find profile directory.
JavaScript error: resource://gre/modules/XULStore.jsm, line 58: Error: Can't find profile directory.
DevTools listening on ws://127.0.0.1:53737/devtools/browser/ca4ec4c1-c045-451d-a89c-6a12fa16b5d6
JavaScript warning: https://www.latamairlines.com/V9Dy9F/D2ld/ls/1xjL/_y5oeKOh/3t3bDtGL/MipNNQ/ezV/cDjoCBGcB, line 1: unreachable code after return statement
JavaScript warning: https://www.latamairlines.com/V9Dy9F/D2ld/ls/1xjL/_y5oeKOh/3t3bDtGL/MipNNQ/ezV/cDjoCBGcB, line 1: WEBGL_debug_renderer_info is deprecated in Firefox and will be removed. Please use RENDERER.
JavaScript warning: https://www.latamairlines.com/V9Dy9F/D2ld/ls/1xjL/_y5oeKOh/3t3bDtGL/MipNNQ/ezV/cDjoCBGcB, line 1: WEBGL_debug_renderer_info is deprecated in Firefox and will be removed. Please use RENDERER.
JavaScript error: , line 0: InvalidStateError: A mutation operation was attempted on a database that did not allow mutations.
JavaScript warning: https://www.gfl85trk.com/scripts/sdk/everflow.js, line 1: WEBGL_debug_renderer_info is deprecated in Firefox and will be removed. Please use RENDERER.
JavaScript warning: https://www.gfl85trk.com/scripts/sdk/everflow.js, line 1: WEBGL_debug_renderer_info is deprecated in Firefox and will be removed. Please use RENDERER.
